<?xml version="1.0" encoding="UTF-8"?>
<!-- Generated by org.testng.reporters.JUnitXMLReporter -->
<testsuite ignored="0" hostname="LAPTOP-C6RDH3KK" failures="4" tests="7" name="Command line test" time="0.047" errors="0" timestamp="2021-07-14T17:38:24 PDT">
  <testcase classname="TestPerson" name="isTeenagerCorrect" time="0.016">
    <failure type="java.lang.AssertionError" message="expected [true] but found [false]">
      <![CDATA[java.lang.AssertionError: expected [true] but found [false]
at TestPerson.isTeenagerCorrect(TestPerson.java:25)
at java.base/java.util.ArrayList.forEach(ArrayList.java:1511)
... Removed 42 stack frames]]>
    </failure>
  </testcase> <!-- isTeenagerCorrect -->
  <testcase classname="TestPerson" name="isTeenagerCorrect" time="0.0"/>
  <testcase classname="TestPerson" name="isTeenagerCorrect" time="0.0"/>
  <testcase classname="TestPerson" name="isTeenagerCorrect" time="0.0">
    <failure type="java.lang.AssertionError" message="expected [false] but found [true]">
      <![CDATA[java.lang.AssertionError: expected [false] but found [true]
at TestPerson.isTeenagerCorrect(TestPerson.java:25)
at java.base/java.util.ArrayList.forEach(ArrayList.java:1511)
... Removed 42 stack frames]]>
    </failure>
  </testcase> <!-- isTeenagerCorrect -->
  <testcase classname="TestPerson" name="isTeenagerCorrect" time="0.0"/>
  <testcase classname="TestPerson" name="isTeenagerCorrect" time="0.0">
    <failure type="java.lang.AssertionError" message="expected [false] but found [true]">
      <![CDATA[java.lang.AssertionError: expected [false] but found [true]
at TestPerson.isTeenagerCorrect(TestPerson.java:25)
at java.base/java.util.ArrayList.forEach(ArrayList.java:1511)
... Removed 42 stack frames]]>
    </failure>
  </testcase> <!-- isTeenagerCorrect -->
  <testcase classname="TestPerson" name="isTeenagerCorrect" time="0.016">
    <failure type="java.lang.NullPointerException" message="Cannot invoke &amp;quot;java.util.List.contains(Object)&amp;quot; because the return value of &amp;quot;java.util.Map.get(Object)&amp;quot; is null">
      <![CDATA[java.lang.NullPointerException: Cannot invoke "java.util.List.contains(Object)" because the return value of "java.util.Map.get(Object)" is null
at java.base/java.util.ArrayList.forEach(ArrayList.java:1511)
... Removed 39 stack frames]]>
    </failure>
  </testcase> <!-- isTeenagerCorrect -->
</testsuite> <!-- Command line test -->
