<?xml version="1.0" encoding="UTF-8"?>
<!-- Generated by org.testng.reporters.JUnitXMLReporter -->
<testsuite ignored="0" hostname="LAPTOP-C6RDH3KK" failures="4" tests="7" name="Command line test" time="0.032" errors="0" timestamp="2021-07-14T16:45:49 PDT">
  <testcase classname="TestPerson" name="isTeenagerCorrect" time="0.0">
    <failure type="java.lang.AssertionError" message="expected [true] but found [false]">
      <![CDATA[java.lang.AssertionError: expected [true] but found [false]
at TestPerson.isTeenagerCorrect(TestPerson.java:26)
at java.base/java.util.ArrayList.forEach(ArrayList.java:1511)
... Removed 42 stack frames]]>
    </failure>
  </testcase> <!-- isTeenagerCorrect -->
  <testcase classname="TestPerson" name="isTeenagerCorrect" time="0.0"/>
  <testcase classname="TestPerson" name="isTeenagerCorrect" time="0.0"/>
  <testcase classname="TestPerson" name="isTeenagerCorrect" time="0.0">
    <failure type="java.lang.AssertionError" message="expected [false] but found [true]">
      <![CDATA[java.lang.AssertionError: expected [false] but found [true]
at TestPerson.isTeenagerCorrect(TestPerson.java:26)
at java.base/java.util.ArrayList.forEach(ArrayList.java:1511)
... Removed 42 stack frames]]>
    </failure>
  </testcase> <!-- isTeenagerCorrect -->
  <testcase classname="TestPerson" name="isTeenagerCorrect" time="0.0"/>
  <testcase classname="TestPerson" name="isTeenagerCorrect" time="0.0">
    <failure type="java.lang.AssertionError" message="expected [false] but found [true]">
      <![CDATA[java.lang.AssertionError: expected [false] but found [true]
at TestPerson.isTeenagerCorrect(TestPerson.java:26)
at java.base/java.util.ArrayList.forEach(ArrayList.java:1511)
... Removed 42 stack frames]]>
    </failure>
  </testcase> <!-- isTeenagerCorrect -->
  <testcase classname="TestPerson" name="isTeenagerCorrect" time="0.0">
    <failure type="java.lang.AssertionError" message="expected [false] but found [true]">
      <![CDATA[java.lang.AssertionError: expected [false] but found [true]
at TestPerson.isTeenagerCorrect(TestPerson.java:26)
at java.base/java.util.ArrayList.forEach(ArrayList.java:1511)
... Removed 42 stack frames]]>
    </failure>
  </testcase> <!-- isTeenagerCorrect -->
</testsuite> <!-- Command line test -->
