<?xml version="1.0" encoding="UTF-8" ?>
<testsuite tests="7" failures="4" name="TestPerson" time="0" errors="0" skipped="0">
  <properties>
[...]
</properties>
  <testcase classname="TestPerson" name="isTeenagerCorrect" time="0">
    <failure message="expected [true] but found [false]" type="java.lang.AssertionError">java.lang.AssertionError: expected [true] but found [false]
	at org.testng.Assert.fail(Assert.java:99)
	at org.testng.Assert.failNotEquals(Assert.java:1037)
	at org.testng.Assert.assertEqualsImpl(Assert.java:140)
	at org.testng.Assert.assertEquals(Assert.java:122)
	at org.testng.Assert.assertEquals(Assert.java:819)
	at org.testng.Assert.assertEquals(Assert.java:829)
	at TestPerson.isTeenagerCorrect(TestPerson.java:26)
</failure>
    <system-out>Configuring TestNG with: org.apache.maven.surefire.testng.conf.TestNG652Configurator@1761e840
Test age: 19
</system-out>
  </testcase>
  <testcase classname="TestPerson" name="isTeenagerCorrect" time="0"/>
  <testcase classname="TestPerson" name="isTeenagerCorrect" time="0"/>
  <testcase classname="TestPerson" name="isTeenagerCorrect" time="0">
    <failure message="expected [false] but found [true]" type="java.lang.AssertionError">java.lang.AssertionError: expected [false] but found [true]
	at org.testng.Assert.fail(Assert.java:99)
	at org.testng.Assert.failNotEquals(Assert.java:1037)
	at org.testng.Assert.assertEqualsImpl(Assert.java:140)
	at org.testng.Assert.assertEquals(Assert.java:122)
	at org.testng.Assert.assertEquals(Assert.java:819)
	at org.testng.Assert.assertEquals(Assert.java:829)
	at TestPerson.isTeenagerCorrect(TestPerson.java:26)
</failure>
    <system-out>Test age: 12
</system-out>
  </testcase>
  <testcase classname="TestPerson" name="isTeenagerCorrect" time="0"/>
  <testcase classname="TestPerson" name="isTeenagerCorrect" time="0">
    <failure message="expected [false] but found [true]" type="java.lang.AssertionError">java.lang.AssertionError: expected [false] but found [true]
	at org.testng.Assert.fail(Assert.java:99)
	at org.testng.Assert.failNotEquals(Assert.java:1037)
	at org.testng.Assert.assertEqualsImpl(Assert.java:140)
	at org.testng.Assert.assertEquals(Assert.java:122)
	at org.testng.Assert.assertEquals(Assert.java:819)
	at org.testng.Assert.assertEquals(Assert.java:829)
	at TestPerson.isTeenagerCorrect(TestPerson.java:26)
</failure>
    <system-out>Test age: 0
</system-out>
  </testcase>
  <testcase classname="TestPerson" name="isTeenagerCorrect" time="0">
    <failure message="expected [false] but found [true]" type="java.lang.AssertionError">java.lang.AssertionError: expected [false] but found [true]
	at org.testng.Assert.fail(Assert.java:99)
	at org.testng.Assert.failNotEquals(Assert.java:1037)
	at org.testng.Assert.assertEqualsImpl(Assert.java:140)
	at org.testng.Assert.assertEquals(Assert.java:122)
	at org.testng.Assert.assertEquals(Assert.java:819)
	at org.testng.Assert.assertEquals(Assert.java:829)
	at TestPerson.isTeenagerCorrect(TestPerson.java:26)
</failure>
    <system-out>Test age: -1
</system-out>
  </testcase>
</testsuite>